#
# There is insufficient memory for the Java Runtime Environment to continue.
# Native memory allocation (mmap) failed to map 67108864 bytes for G1 virtual space
# Possible reasons:
#   The system is out of physical RAM or swap space
#   The process is running with CompressedOops enabled, and the Java Heap may be blocking the growth of the native heap
# Possible solutions:
#   Reduce memory load on the system
#   Increase physical memory or swap space
#   Check if swap backing store is full
#   Decrease Java heap size (-Xmx/-Xms)
#   Decrease number of Java threads
#   Decrease Java thread stack sizes (-Xss)
#   Set larger code cache with -XX:ReservedCodeCacheSize=
#   JVM is running with Unscaled Compressed Oops mode in which the Java heap is
#     placed in the first 4GB address space. The Java Heap base address is the
#     maximum limit for the native heap growth. Please use -XX:HeapBaseMinAddress
#     to set the Java Heap base and to place the Java Heap above 4GB virtual address.
# This output file may be truncated or incomplete.
#
#  Out of Memory Error (os_windows.cpp:3530), pid=3120, tid=19180
#
# JRE version:  (18.0.2.1+1) (build )
# Java VM: Java HotSpot(TM) 64-Bit Server VM (18.0.2.1+1-1, mixed mode, sharing, tiered, compressed oops, compressed class ptrs, g1 gc, windows-amd64)
# No core dump will be written. Minidumps are not enabled by default on client versions of Windows
#

---------------  S U M M A R Y ------------

Command Line: -Dfile.encoding=UTF-8 --module-path=C:\Users\AA\Documents\NetBeansProjects\Quiz Application\build\classes quiz.application.Score

Host: Intel(R) Pentium(R) CPU  N3530  @ 2.16GHz, 4 cores, 3G,  Windows 8.1 , 64 bit Build 9600 (6.3.9600.17031)
Time: Wed Aug 31 21:09:08 2022 India Standard Time elapsed time: 0.074943 seconds (0d 0h 0m 0s)

---------------  T H R E A D  ---------------

Current thread (0x000000ed31e26ae0):  JavaThread "Unknown thread" [_thread_in_vm, id=19180, stack(0x000000ed314c0000,0x000000ed315c0000)]

Stack: [0x000000ed314c0000,0x000000ed315c0000]
Native frames: (J=compiled Java code, j=interpreted, Vv=VM code, C=native code)
V  [jvm.dll+0x6993aa]
V  [jvm.dll+0x7f46dd]
V  [jvm.dll+0x7f5fee]
V  [jvm.dll+0x7f66a3]
V  [jvm.dll+0x25cf1f]
V  [jvm.dll+0x6962f9]
V  [jvm.dll+0x68ae2a]
V  [jvm.dll+0x32255b]
V  [jvm.dll+0x329f36]
V  [jvm.dll+0x37eade]
V  [jvm.dll+0x37ed0f]
V  [jvm.dll+0x2fa2da]
V  [jvm.dll+0x2fb33d]
V  [jvm.dll+0x7c3310]
V  [jvm.dll+0x38be61]
V  [jvm.dll+0x7a2023]
V  [jvm.dll+0x40dc3f]
V  [jvm.dll+0x40f611]
C  [jli.dll+0x526b]
C  [ucrtbase.DLL+0x1d912]
C  [KERNEL32.DLL+0x168d]
C  [ntdll.dll+0x74629]


---------------  P R O C E S S  ---------------

Threads class SMR info:
_java_thread_list=0x00007ffc071be550, length=0, elements={
}

Java Threads: ( => current thread )

Other Threads:
  0x000000ed31e648f0 WorkerThread "GC Thread#0" [stack: 0x000000ed31c40000,0x000000ed31d40000] [id=19616]
  0x000000ed31e6d5b0 ConcurrentGCThread "G1 Main Marker" [stack: 0x000000ed4ac70000,0x000000ed4ad70000] [id=6912]
  0x000000ed31e6e3c0 WorkerThread "G1 Conc#0" [stack: 0x000000ed4ad70000,0x000000ed4ae70000] [id=19932]

[error occurred during error reporting (printing all threads), id 0xc0000005, EXCEPTION_ACCESS_VIOLATION (0xc0000005) at pc=0x00007ffc069ea877]

VM state: not at safepoint (not fully initialized)

VM Mutex/Monitor currently owned by a thread:  ([mutex/lock_event])
[0x000000ed31e25150] Heap_lock - owner thread: 0x000000ed31e26ae0

Heap address: 0x00000000c1a00000, size: 998 MB, Compressed Oops mode: 32-bit

CDS archive(s) mapped at: [0x0000000000000000-0x0000000000000000-0x0000000000000000), size 0, SharedBaseAddress: 0x0000000800000000, ArchiveRelocationMode: 0.
Narrow klass base: 0x0000000000000000, Narrow klass shift: 0, Narrow klass range: 0x0

GC Precious Log:
 CardTable entry size: 512
 Card Set container configuration: InlinePtr #cards 5 size 8 Array Of Cards #cards 12 size 40 Howl #buckets 4 coarsen threshold 1843 Howl Bitmap #cards 512 size 80 coarsen threshold 460 Card regions per heap region 1 cards per card region 2048

Heap:
 garbage-first heap   total 0K, used 0K [0x00000000c1a00000, 0x0000000100000000)
  region size 1024K, 0 young (0K), 0 survivors (0K)

[error occurred during error reporting (printing heap information), id 0xc0000005, EXCEPTION_ACCESS_VIOLATION (0xc0000005) at pc=0x00007ffc06dd1839]

GC Heap History (0 events):
No events

Deoptimization events (0 events):
No events

Classes loaded (0 events):
No events

Classes unloaded (0 events):
No events

Classes redefined (0 events):
No events

Internal exceptions (0 events):
No events

VM Operations (0 events):
No events

Events (1 events):
Event: 0.040 Loaded shared library C:\Program Files\Java\jdk-18.0.2.1\bin\java.dll


Dynamic libraries:
0x00007ff61add0000 - 0x00007ff61ade0000 	C:\Program Files\Java\jdk-18.0.2.1\bin\java.exe
0x00007ffc32880000 - 0x00007ffc32a2a000 	C:\Windows\SYSTEM32\ntdll.dll
0x00007ffc32050000 - 0x00007ffc3218a000 	C:\Windows\system32\KERNEL32.DLL
0x00007ffc18690000 - 0x00007ffc186a7000 	C:\Program Files\AVG\Antivirus\aswhook.dll
0x00007ffc2fcc0000 - 0x00007ffc2fdd0000 	C:\Windows\system32\KERNELBASE.dll
0x00007ffc21f80000 - 0x00007ffc21f98000 	C:\Program Files\Java\jdk-18.0.2.1\bin\jli.dll
0x00007ffc29f80000 - 0x00007ffc29f9a000 	C:\Program Files\Java\jdk-18.0.2.1\bin\VCRUNTIME140.dll
0x00007ffc22610000 - 0x00007ffc22614000 	C:\Program Files\Java\jdk-18.0.2.1\bin\api-ms-win-crt-stdio-l1-1-0.dll
0x00007ffc21f20000 - 0x00007ffc21f24000 	C:\Program Files\Java\jdk-18.0.2.1\bin\api-ms-win-crt-runtime-l1-1-0.dll
0x00007ffc20ed0000 - 0x00007ffc20ed3000 	C:\Program Files\Java\jdk-18.0.2.1\bin\api-ms-win-crt-environment-l1-1-0.dll
0x00007ffc225f0000 - 0x00007ffc225f5000 	C:\Program Files\Java\jdk-18.0.2.1\bin\api-ms-win-crt-math-l1-1-0.dll
0x00007ffc1e370000 - 0x00007ffc1e373000 	C:\Program Files\Java\jdk-18.0.2.1\bin\api-ms-win-crt-locale-l1-1-0.dll
0x00007ffc20ea0000 - 0x00007ffc20ea3000 	C:\Program Files\Java\jdk-18.0.2.1\bin\api-ms-win-crt-heap-l1-1-0.dll
0x00007ffc32630000 - 0x00007ffc326d5000 	C:\Windows\system32\ADVAPI32.dll
0x00007ffc2da90000 - 0x00007ffc2dcea000 	C:\Windows\WinSxS\amd64_microsoft.windows.common-controls_6595b64144ccf1df_6.0.9600.17031_none_6242a4b3ecbb55a1\COMCTL32.dll
0x00007ffc304a0000 - 0x00007ffc30611000 	C:\Windows\system32\USER32.dll
0x00007ffc2c480000 - 0x00007ffc2c48a000 	C:\Windows\SYSTEM32\VERSION.dll
0x00007ffc20ec0000 - 0x00007ffc20ec3000 	C:\Program Files\Java\jdk-18.0.2.1\bin\api-ms-win-crt-filesystem-l1-1-0.dll
0x00007ffc22600000 - 0x00007ffc22604000 	C:\Program Files\Java\jdk-18.0.2.1\bin\api-ms-win-crt-string-l1-1-0.dll
0x00007ffc20ee0000 - 0x00007ffc20ee4000 	C:\Program Files\Java\jdk-18.0.2.1\bin\api-ms-win-crt-convert-l1-1-0.dll
0x00007ffc32190000 - 0x00007ffc32237000 	C:\Windows\system32\msvcrt.dll
0x00007ffc303e0000 - 0x00007ffc30437000 	C:\Windows\SYSTEM32\sechost.dll
0x00007ffc32490000 - 0x00007ffc325c6000 	C:\Windows\system32\RPCRT4.dll
0x00007ffc301d0000 - 0x00007ffc30315000 	C:\Windows\system32\GDI32.dll
0x00007ffc088f0000 - 0x00007ffc089ea000 	C:\Program Files\Java\jdk-18.0.2.1\bin\ucrtbase.DLL
0x00007ffc31ec0000 - 0x00007ffc31ef4000 	C:\Windows\system32\IMM32.DLL
0x00007ffc31f10000 - 0x00007ffc32049000 	C:\Windows\system32\MSCTF.dll
0x00007ffc29f70000 - 0x00007ffc29f7c000 	C:\Program Files\Java\jdk-18.0.2.1\bin\vcruntime140_1.dll
0x00007ffc1e220000 - 0x00007ffc1e2ad000 	C:\Program Files\Java\jdk-18.0.2.1\bin\msvcp140.dll
0x00007ffc20eb0000 - 0x00007ffc20eb3000 	C:\Program Files\Java\jdk-18.0.2.1\bin\api-ms-win-crt-time-l1-1-0.dll
0x00007ffc21fc0000 - 0x00007ffc21fc3000 	C:\Program Files\Java\jdk-18.0.2.1\bin\api-ms-win-crt-utility-l1-1-0.dll
0x00007ffc066e0000 - 0x00007ffc072f1000 	C:\Program Files\Java\jdk-18.0.2.1\bin\server\jvm.dll
0x00007ffc28f20000 - 0x00007ffc28f29000 	C:\Windows\SYSTEM32\WSOCK32.dll
0x00007ffc29d30000 - 0x00007ffc29d4f000 	C:\Windows\SYSTEM32\WINMM.dll
0x00007ffc30800000 - 0x00007ffc30807000 	C:\Windows\system32\PSAPI.DLL
0x00007ffc30440000 - 0x00007ffc30498000 	C:\Windows\system32\WS2_32.dll
0x00007ffc29d00000 - 0x00007ffc29d2a000 	C:\Windows\SYSTEM32\WINMMBASE.dll
0x00007ffc31f00000 - 0x00007ffc31f09000 	C:\Windows\system32\NSI.dll
0x00007ffc2fe20000 - 0x00007ffc2fe6a000 	C:\Windows\SYSTEM32\cfgmgr32.dll
0x00007ffc2ea00000 - 0x00007ffc2ea26000 	C:\Windows\SYSTEM32\DEVOBJ.dll
0x00007ffc20e20000 - 0x00007ffc20e2a000 	C:\Program Files\Java\jdk-18.0.2.1\bin\jimage.dll
0x00007ffc2a5d0000 - 0x00007ffc2a758000 	C:\Windows\SYSTEM32\DBGHELP.DLL
0x00007ffc20e30000 - 0x00007ffc20e55000 	C:\Program Files\Java\jdk-18.0.2.1\bin\java.dll

dbghelp: loaded successfully - version: 4.0.5 - missing functions: none
symbol engine: initialized successfully - sym options: 0x614 - pdb path: .;C:\Program Files\Java\jdk-18.0.2.1\bin;C:\Windows\SYSTEM32;C:\Program Files\AVG\Antivirus;C:\Windows\WinSxS\amd64_microsoft.windows.common-controls_6595b64144ccf1df_6.0.9600.17031_none_6242a4b3ecbb55a1;C:\Program Files\Java\jdk-18.0.2.1\bin\server

VM Arguments:
jvm_args: -Dfile.encoding=UTF-8 --module-path=C:\Users\AA\Documents\NetBeansProjects\Quiz Application\build\classes 
java_command: quiz.application.Score
java_class_path (initial): C:\Users\AA\Documents\NetBeansProjects\Quiz Application\build\classes
Launcher Type: SUN_STANDARD

[Global flags]
     intx CICompilerCount                          = 3                                         {product} {ergonomic}
     uint ConcGCThreads                            = 1                                         {product} {ergonomic}
     uint G1ConcRefinementThreads                  = 4                                         {product} {ergonomic}
   size_t G1HeapRegionSize                         = 1048576                                   {product} {ergonomic}
    uintx GCDrainStackTargetSize                   = 64                                        {product} {ergonomic}
   size_t InitialHeapSize                          = 67108864                                  {product} {ergonomic}
   size_t MarkStackSize                            = 4194304                                   {product} {ergonomic}
   size_t MaxHeapSize                              = 1046478848                                {product} {ergonomic}
   size_t MinHeapDeltaBytes                        = 1048576                                   {product} {ergonomic}
   size_t MinHeapSize                              = 8388608                                   {product} {ergonomic}
    uintx NonNMethodCodeHeapSize                   = 5832780                                {pd product} {ergonomic}
    uintx NonProfiledCodeHeapSize                  = 122912730                              {pd product} {ergonomic}
    uintx ProfiledCodeHeapSize                     = 122912730                              {pd product} {ergonomic}
    uintx ReservedCodeCacheSize                    = 251658240                              {pd product} {ergonomic}
     bool SegmentedCodeCache                       = true                                      {product} {ergonomic}
   size_t SoftMaxHeapSize                          = 1046478848                             {manageable} {ergonomic}
     bool UseCompressedClassPointers               = true                           {product lp64_product} {ergonomic}
     bool UseCompressedOops                        = true                           {product lp64_product} {ergonomic}
     bool UseG1GC                                  = true                                      {product} {ergonomic}
     bool UseLargePagesIndividualAllocation        = false                                  {pd product} {ergonomic}

Logging:
Log output configuration:
 #0: stdout all=warning uptime,level,tags foldmultilines=false
 #1: stderr all=off uptime,level,tags foldmultilines=false

Environment Variables:
JAVA_HOME=C:\Program Files\Java\jdk-18.0.2.1
PATH=C:\Program Files\Java\jdk-18.0.2.1\bin;C:\Users\AA\AppData\Local\Programs\Python\Python38-32\Scripts\;C:\Users\AA\AppData\Local\Programs\Python\Python38-32\;C:\Program Files\JetBrains\IntelliJ IDEA Community Edition 2021.2.1\bin;;F:\Microsoft VS Code\bin
USERNAME=AA
OS=Windows_NT
PROCESSOR_IDENTIFIER=Intel64 Family 6 Model 55 Stepping 8, GenuineIntel



---------------  S Y S T E M  ---------------

OS:
 Windows 8.1 , 64 bit Build 9600 (6.3.9600.17031)
OS uptime: 0 days 23:49 hours

CPU: total 4 (initial active 4) (4 cores per cpu, 1 threads per core) family 6 model 55 stepping 8 microcode 0x80c, cx8, cmov, fxsr, mmx, 3dnowpref, sse, sse2, sse3, ssse3, sse4.1, sse4.2, popcnt, tsc, tscinvbit, erms, clmul, clflush

Memory: 4k page, system-wide physical 3989M (814M free)
TotalPageFile size 16277M (AvailPageFile size 32M)
current process WorkingSet (physical memory assigned to process): 9M, peak: 9M
current process commit charge ("private bytes"): 51M, peak: 115M

vm_info: Java HotSpot(TM) 64-Bit Server VM (18.0.2.1+1-1) for windows-amd64 JRE (18.0.2.1+1-1), built on Aug 16 2022 01:46:33 by "mach5one" with MS VC++ 16.8 / 16.9 (VS2019)

END.
